2024-12-20T16:50:51.627+03:00  INFO 59006 --- [socks-rest] [restartedMain] c.javarest.socks.SocksRestApplication    : Starting SocksRestApplication using Java 17.0.10 with PID 59006 (/Users/elena/Desktop/jaba/lib/socks-rest/build/classes/java/main started by elena in /Users/elena/Desktop/jaba/lib/socks-rest)
2024-12-20T16:50:51.635+03:00  INFO 59006 --- [socks-rest] [restartedMain] c.javarest.socks.SocksRestApplication    : No active profile set, falling back to 1 default profile: "default"
2024-12-20T16:50:51.759+03:00  INFO 59006 --- [socks-rest] [restartedMain] .e.DevToolsPropertyDefaultsPostProcessor : Devtools property defaults active! Set 'spring.devtools.add-properties' to 'false' to disable
2024-12-20T16:50:51.759+03:00  INFO 59006 --- [socks-rest] [restartedMain] .e.DevToolsPropertyDefaultsPostProcessor : For additional web related logging consider setting the 'logging.level.web' property to 'DEBUG'
2024-12-20T16:50:53.809+03:00  INFO 59006 --- [socks-rest] [restartedMain] .s.d.r.c.RepositoryConfigurationDelegate : Bootstrapping Spring Data JPA repositories in DEFAULT mode.
2024-12-20T16:50:53.945+03:00  INFO 59006 --- [socks-rest] [restartedMain] .s.d.r.c.RepositoryConfigurationDelegate : Finished Spring Data repository scanning in 107 ms. Found 1 JPA repository interface.
2024-12-20T16:50:55.281+03:00  INFO 59006 --- [socks-rest] [restartedMain] o.s.b.w.embedded.tomcat.TomcatWebServer  : Tomcat initialized with port 8080 (http)
2024-12-20T16:50:55.330+03:00  INFO 59006 --- [socks-rest] [restartedMain] o.apache.catalina.core.StandardService   : Starting service [Tomcat]
2024-12-20T16:50:55.331+03:00  INFO 59006 --- [socks-rest] [restartedMain] o.apache.catalina.core.StandardEngine    : Starting Servlet engine: [Apache Tomcat/10.1.33]
2024-12-20T16:50:55.441+03:00  INFO 59006 --- [socks-rest] [restartedMain] o.a.c.c.C.[Tomcat].[localhost].[/]       : Initializing Spring embedded WebApplicationContext
2024-12-20T16:50:55.441+03:00  INFO 59006 --- [socks-rest] [restartedMain] w.s.c.ServletWebServerApplicationContext : Root WebApplicationContext: initialization completed in 3680 ms
2024-12-20T16:50:55.751+03:00  INFO 59006 --- [socks-rest] [restartedMain] com.zaxxer.hikari.HikariDataSource       : HikariPool-1 - Starting...
2024-12-20T16:50:56.049+03:00  INFO 59006 --- [socks-rest] [restartedMain] com.zaxxer.hikari.pool.HikariPool        : HikariPool-1 - Added connection org.postgresql.jdbc.PgConnection@4ab3edf8
2024-12-20T16:50:56.052+03:00  INFO 59006 --- [socks-rest] [restartedMain] com.zaxxer.hikari.HikariDataSource       : HikariPool-1 - Start completed.
2024-12-20T16:50:56.196+03:00  INFO 59006 --- [socks-rest] [restartedMain] o.hibernate.jpa.internal.util.LogHelper  : HHH000204: Processing PersistenceUnitInfo [name: default]
2024-12-20T16:50:56.455+03:00  INFO 59006 --- [socks-rest] [restartedMain] org.hibernate.Version                    : HHH000412: Hibernate ORM core version 6.6.2.Final
2024-12-20T16:50:56.595+03:00  INFO 59006 --- [socks-rest] [restartedMain] o.h.c.internal.RegionFactoryInitiator    : HHH000026: Second-level cache disabled
2024-12-20T16:50:57.813+03:00  INFO 59006 --- [socks-rest] [restartedMain] o.s.o.j.p.SpringPersistenceUnitInfo      : No LoadTimeWeaver setup: ignoring JPA class transformer
2024-12-20T16:50:58.160+03:00  INFO 59006 --- [socks-rest] [restartedMain] org.hibernate.orm.connections.pooling    : HHH10001005: Database info:
	Database JDBC URL [Connecting through datasource 'HikariDataSource (HikariPool-1)']
	Database driver: undefined/unknown
	Database version: 14.13
	Autocommit mode: undefined/unknown
	Isolation level: undefined/unknown
	Minimum pool size: undefined/unknown
	Maximum pool size: undefined/unknown
2024-12-20T16:51:00.623+03:00  INFO 59006 --- [socks-rest] [restartedMain] o.h.e.t.j.p.i.JtaPlatformInitiator       : HHH000489: No JTA platform available (set 'hibernate.transaction.jta.platform' to enable JTA platform integration)
2024-12-20T16:51:00.633+03:00  INFO 59006 --- [socks-rest] [restartedMain] j.LocalContainerEntityManagerFactoryBean : Initialized JPA EntityManagerFactory for persistence unit 'default'
2024-12-20T16:51:01.228+03:00  INFO 59006 --- [socks-rest] [restartedMain] o.s.d.j.r.query.QueryEnhancerFactory     : Hibernate is in classpath; If applicable, HQL parser will be used.
2024-12-20T16:51:02.545+03:00  WARN 59006 --- [socks-rest] [restartedMain] JpaBaseConfiguration$JpaWebConfiguration : spring.jpa.open-in-view is enabled by default. Therefore, database queries may be performed during view rendering. Explicitly configure spring.jpa.open-in-view to disable this warning
2024-12-20T16:51:03.479+03:00  INFO 59006 --- [socks-rest] [restartedMain] o.s.b.d.a.OptionalLiveReloadServer       : LiveReload server is running on port 35729
2024-12-20T16:51:03.537+03:00  INFO 59006 --- [socks-rest] [restartedMain] o.s.b.w.embedded.tomcat.TomcatWebServer  : Tomcat started on port 8080 (http) with context path '/'
2024-12-20T16:51:03.554+03:00  INFO 59006 --- [socks-rest] [restartedMain] c.javarest.socks.SocksRestApplication    : Started SocksRestApplication in 12.942 seconds (process running for 14.675)
2024-12-20T16:51:40.306+03:00  INFO 59006 --- [socks-rest] [SpringApplicationShutdownHook] o.s.b.w.e.tomcat.GracefulShutdown        : Commencing graceful shutdown. Waiting for active requests to complete
2024-12-20T16:51:40.314+03:00  INFO 59006 --- [socks-rest] [tomcat-shutdown] o.s.b.w.e.tomcat.GracefulShutdown        : Graceful shutdown complete
2024-12-20T16:51:40.321+03:00  INFO 59006 --- [socks-rest] [SpringApplicationShutdownHook] j.LocalContainerEntityManagerFactoryBean : Closing JPA EntityManagerFactory for persistence unit 'default'
2024-12-20T16:51:40.328+03:00  INFO 59006 --- [socks-rest] [SpringApplicationShutdownHook] com.zaxxer.hikari.HikariDataSource       : HikariPool-1 - Shutdown initiated...
2024-12-20T16:51:40.334+03:00  INFO 59006 --- [socks-rest] [SpringApplicationShutdownHook] com.zaxxer.hikari.HikariDataSource       : HikariPool-1 - Shutdown completed.
2024-12-20T17:14:58.872+03:00  INFO 62957 --- [socks-rest] [Test worker] c.j.s.controller.SocksControllerTest     : Starting SocksControllerTest using Java 17.0.10 with PID 62957 (started by elena in /Users/elena/Desktop/jaba/lib/socks-rest)
2024-12-20T17:14:58.876+03:00  INFO 62957 --- [socks-rest] [Test worker] c.j.s.controller.SocksControllerTest     : No active profile set, falling back to 1 default profile: "default"
2024-12-20T17:15:03.032+03:00  INFO 62957 --- [socks-rest] [Test worker] o.s.b.t.m.w.SpringBootMockServletContext : Initializing Spring TestDispatcherServlet ''
2024-12-20T17:15:03.034+03:00  INFO 62957 --- [socks-rest] [Test worker] o.s.t.web.servlet.TestDispatcherServlet  : Initializing Servlet ''
2024-12-20T17:15:03.039+03:00  INFO 62957 --- [socks-rest] [Test worker] o.s.t.web.servlet.TestDispatcherServlet  : Completed initialization in 4 ms
2024-12-20T17:15:03.100+03:00  INFO 62957 --- [socks-rest] [Test worker] c.j.s.controller.SocksControllerTest     : Started SocksControllerTest in 5.057 seconds (process running for 7.725)
2024-12-20T17:15:03.316+03:00  INFO 62957 --- [socks-rest] [Test worker] c.j.socks.controller.SocksController     : GET api/socks request received with parameters - color: blue, cottonPercentage: com.javarest.socks.dto.CottonPercentageFilter@3593e074
2024-12-20T17:15:03.325+03:00  INFO 62957 --- [socks-rest] [Test worker] c.j.socks.controller.SocksController     : GET api/socks response: Retrieved 25 socks.
